<?xml version="1.0" encoding="UTF-8"?>
<testng-results skipped="0" failed="0" total="1" passed="1">
  <reporter-output>
  </reporter-output>
  <suite name="Command line suite" duration-ms="18" started-at="2018-12-19T10:06:37Z" finished-at="2018-12-19T10:06:37Z">
    <groups>
    </groups>
    <test name="Command line test" duration-ms="18" started-at="2018-12-19T10:06:37Z" finished-at="2018-12-19T10:06:37Z">
      <class name="qaclickacedemy.AppTest">
        <test-method status="PASS" signature="testApp()[pri:0, instance:testApp(qaclickacedemy.AppTest)]" name="testApp" duration-ms="1" started-at="2018-12-19T15:36:37Z" finished-at="2018-12-19T15:36:37Z">
          <reporter-output>
          </reporter-output>
        </test-method> <!-- testApp -->
      </class> <!-- qaclickacedemy.AppTest -->
    </test> <!-- Command line test -->
  </suite> <!-- Command line suite -->
</testng-results>
