<?xml version="1.0" encoding="UTF-8"?>
<!-- Generated by org.testng.reporters.JUnitXMLReporter -->
<testsuite hostname="FTDT798" name="Command line test" tests="6" failures="0" timestamp="19 Dec 2018 10:06:37 GMT" time="0.015" errors="0">
  <testcase name="AbcModel" time="0.004" classname="qaclickacedemy.AppiumTest"/>
  <testcase name="selectMobileDevice" time="0.0" classname="qaclickacedemy.AppiumTest"/>
  <testcase name="postDefect" time="0.0" classname="qaclickacedemy.RestAPITest"/>
  <testcase name="updateComment" time="0.0" classname="qaclickacedemy.RestAPITest"/>
  <testcase name="clickButton" time="0.0" classname="qaclickacedemy.SeleniumTest"/>
  <testcase name="selectDropdown" time="0.0" classname="qaclickacedemy.SeleniumTest"/>
</testsuite> <!-- Command line test -->
