<?xml version="1.0" encoding="UTF-8"?>
<testng-results skipped="0" failed="0" total="6" passed="6">
  <reporter-output>
  </reporter-output>
  <suite name="Command line suite" duration-ms="15" started-at="2018-12-19T10:06:37Z" finished-at="2018-12-19T10:06:37Z">
    <groups>
    </groups>
    <test name="Command line test" duration-ms="15" started-at="2018-12-19T10:06:37Z" finished-at="2018-12-19T10:06:37Z">
      <class name="qaclickacedemy.RestAPITest">
        <test-method status="PASS" signature="postDefect()[pri:0, instance:qaclickacedemy.RestAPITest@32e6e9c3]" name="postDefect" duration-ms="0" started-at="2018-12-19T15:36:37Z" finished-at="2018-12-19T15:36:37Z">
          <reporter-output>
          </reporter-output>
        </test-method> <!-- postDefect -->
        <test-method status="PASS" signature="updateComment()[pri:0, instance:qaclickacedemy.RestAPITest@32e6e9c3]" name="updateComment" duration-ms="0" started-at="2018-12-19T15:36:37Z" finished-at="2018-12-19T15:36:37Z">
          <reporter-output>
          </reporter-output>
        </test-method> <!-- updateComment -->
      </class> <!-- qaclickacedemy.RestAPITest -->
      <class name="qaclickacedemy.AppiumTest">
        <test-method status="PASS" signature="AbcModel()[pri:0, instance:qaclickacedemy.AppiumTest@5cc7c2a6]" name="AbcModel" duration-ms="4" started-at="2018-12-19T15:36:37Z" finished-at="2018-12-19T15:36:37Z">
          <reporter-output>
          </reporter-output>
        </test-method> <!-- AbcModel -->
        <test-method status="PASS" signature="selectMobileDevice()[pri:0, instance:qaclickacedemy.AppiumTest@5cc7c2a6]" name="selectMobileDevice" duration-ms="0" started-at="2018-12-19T15:36:37Z" finished-at="2018-12-19T15:36:37Z">
          <reporter-output>
          </reporter-output>
        </test-method> <!-- selectMobileDevice -->
      </class> <!-- qaclickacedemy.AppiumTest -->
      <class name="qaclickacedemy.SeleniumTest">
        <test-method status="PASS" signature="clickButton()[pri:0, instance:qaclickacedemy.SeleniumTest@5056dfcb]" name="clickButton" duration-ms="0" started-at="2018-12-19T15:36:37Z" finished-at="2018-12-19T15:36:37Z">
          <reporter-output>
          </reporter-output>
        </test-method> <!-- clickButton -->
        <test-method status="PASS" signature="selectDropdown()[pri:0, instance:qaclickacedemy.SeleniumTest@5056dfcb]" name="selectDropdown" duration-ms="0" started-at="2018-12-19T15:36:37Z" finished-at="2018-12-19T15:36:37Z">
          <reporter-output>
          </reporter-output>
        </test-method> <!-- selectDropdown -->
      </class> <!-- qaclickacedemy.SeleniumTest -->
    </test> <!-- Command line test -->
  </suite> <!-- Command line suite -->
</testng-results>
