<?xml version="1.0" encoding="UTF-8"?>
<testng-results skipped="0" failed="0" ignored="0" total="4" passed="4">
  <reporter-output>
  </reporter-output>
  <suite name="Suite" duration-ms="30" started-at="2018-06-15T05:56:07Z" finished-at="2018-06-15T05:56:07Z">
    <groups>
    </groups>
    <test name="Test" duration-ms="30" started-at="2018-06-15T05:56:07Z" finished-at="2018-06-15T05:56:07Z">
      <class name="qaclickacedemy.RestAPITest">
        <test-method status="PASS" signature="postDefect()[pri:0, instance:qaclickacedemy.RestAPITest@42e99e4a]" name="postDefect" duration-ms="7" started-at="2018-06-15T05:56:07Z" finished-at="2018-06-15T05:56:07Z">
          <reporter-output>
          </reporter-output>
        </test-method> <!-- postDefect -->
        <test-method status="PASS" signature="updateComment()[pri:0, instance:qaclickacedemy.RestAPITest@42e99e4a]" name="updateComment" duration-ms="0" started-at="2018-06-15T05:56:07Z" finished-at="2018-06-15T05:56:07Z">
          <reporter-output>
          </reporter-output>
        </test-method> <!-- updateComment -->
      </class> <!-- qaclickacedemy.RestAPITest -->
      <class name="qaclickacedemy.AppiumTest">
        <test-method status="PASS" signature="AbcModel()[pri:0, instance:qaclickacedemy.AppiumTest@6c80d78a]" name="AbcModel" duration-ms="1" started-at="2018-06-15T05:56:07Z" finished-at="2018-06-15T05:56:07Z">
          <reporter-output>
          </reporter-output>
        </test-method> <!-- AbcModel -->
        <test-method status="PASS" signature="selectMobileDevice()[pri:0, instance:qaclickacedemy.AppiumTest@6c80d78a]" name="selectMobileDevice" duration-ms="0" started-at="2018-06-15T05:56:07Z" finished-at="2018-06-15T05:56:07Z">
          <reporter-output>
          </reporter-output>
        </test-method> <!-- selectMobileDevice -->
      </class> <!-- qaclickacedemy.AppiumTest -->
    </test> <!-- Test -->
  </suite> <!-- Suite -->
</testng-results>
