<?xml version="1.0" encoding="UTF-8"?>
<!-- Generated by org.testng.reporters.JUnitXMLReporter -->
<testsuite hostname="FTDT798" ignored="0" name="Test" tests="4" failures="0" timestamp="15 Jun 2018 05:56:07 GMT" time="0.03" errors="0">
  <testcase name="postDefect" time="0.007" classname="qaclickacedemy.RestAPITest"/>
  <testcase name="updateComment" time="0.0" classname="qaclickacedemy.RestAPITest"/>
  <testcase name="AbcModel" time="0.001" classname="qaclickacedemy.AppiumTest"/>
  <testcase name="selectMobileDevice" time="0.0" classname="qaclickacedemy.AppiumTest"/>
</testsuite> <!-- Test -->
